Retrieving logs for app [36;1mvaticketbot2[0m in org [36;1mlijing@us.ibm.com[0m / space [36;1mdev[0m as [36;1mlijing@us.ibm.com[0m...

   2018-03-28T13:39:30.62-0500 [API/1] OUT Created app with guid 1886d7a9-9ee1-431d-99ab-4abb45a60062
   2018-03-28T13:39:52.70-0500 [API/0] OUT Creating build for app with guid 1886d7a9-9ee1-431d-99ab-4abb45a60062
   2018-03-28T13:39:53.77-0500 [API/0] OUT Updated app with guid 1886d7a9-9ee1-431d-99ab-4abb45a60062 ({"state"=>"STARTED"})
   2018-03-28T13:39:54.44-0500 [STG/0] OUT Downloading go_buildpack...
   2018-03-28T13:39:54.44-0500 [STG/0] OUT Downloading binary_buildpack...
   2018-03-28T13:39:54.44-0500 [STG/0] OUT Downloading liberty-for-java_v3_17_1-20180131-1532...
   2018-03-28T13:39:54.44-0500 [STG/0] OUT Downloading python_buildpack...
   2018-03-28T13:39:54.45-0500 [STG/0] OUT Downloading liberty_v3_14-20171013-1023...
   2018-03-28T13:39:54.46-0500 [STG/0] OUT Downloaded go_buildpack
   2018-03-28T13:39:54.46-0500 [STG/0] OUT Downloading swift_buildpack_v2_0_9-20171112-1715...
   2018-03-28T13:39:54.47-0500 [STG/0] OUT Downloaded liberty-for-java_v3_17_1-20180131-1532
   2018-03-28T13:39:54.47-0500 [STG/0] OUT Downloaded liberty_v3_14-20171013-1023
   2018-03-28T13:39:54.47-0500 [STG/0] OUT Downloading php_buildpack...
   2018-03-28T13:39:54.47-0500 [STG/0] OUT Downloading xpages_buildpack...
   2018-03-28T13:39:54.47-0500 [STG/0] OUT Downloaded binary_buildpack
   2018-03-28T13:39:54.47-0500 [STG/0] OUT Downloading swift_buildpack...
   2018-03-28T13:39:54.47-0500 [STG/0] OUT Downloaded python_buildpack
   2018-03-28T13:39:54.48-0500 [STG/0] OUT Downloading liberty-for-java...
   2018-03-28T13:39:54.49-0500 [STG/0] OUT Downloaded php_buildpack
   2018-03-28T13:39:54.49-0500 [STG/0] OUT Downloading sdk-for-nodejs...
   2018-03-28T13:39:54.49-0500 [STG/0] OUT Downloaded swift_buildpack_v2_0_9-20171112-1715
   2018-03-28T13:39:54.49-0500 [STG/0] OUT Downloading staticfile_buildpack...
   2018-03-28T13:39:54.49-0500 [STG/0] OUT Downloaded xpages_buildpack
   2018-03-28T13:39:54.49-0500 [STG/0] OUT Downloading liberty-for-java_v3_18-20180213-1234...
   2018-03-28T13:39:54.50-0500 [STG/0] OUT Downloaded swift_buildpack
   2018-03-28T13:39:54.50-0500 [STG/0] OUT Downloading sdk-for-nodejs_v3_18-20180206-1137...
   2018-03-28T13:39:54.51-0500 [STG/0] OUT Downloaded staticfile_buildpack
   2018-03-28T13:39:54.51-0500 [STG/0] OUT Downloading java_buildpack...
   2018-03-28T13:39:54.51-0500 [STG/0] OUT Downloaded liberty-for-java
   2018-03-28T13:39:54.51-0500 [STG/0] OUT Downloading noop-buildpack...
   2018-03-28T13:39:54.51-0500 [STG/0] OUT Downloaded liberty-for-java_v3_18-20180213-1234
   2018-03-28T13:39:54.51-0500 [STG/0] OUT Downloading ruby_buildpack...
   2018-03-28T13:39:54.51-0500 [STG/0] OUT Downloaded sdk-for-nodejs
   2018-03-28T13:39:54.51-0500 [STG/0] OUT Downloading nodejs_buildpack...
   2018-03-28T13:39:54.52-0500 [STG/0] OUT Downloaded sdk-for-nodejs_v3_18-20180206-1137
   2018-03-28T13:39:54.52-0500 [STG/0] OUT Downloading dotnet-core...
   2018-03-28T13:39:54.53-0500 [STG/0] OUT Downloaded noop-buildpack
   2018-03-28T13:39:54.53-0500 [STG/0] OUT Downloaded java_buildpack
   2018-03-28T13:39:54.54-0500 [STG/0] OUT Downloaded nodejs_buildpack
   2018-03-28T13:39:54.54-0500 [STG/0] OUT Downloaded ruby_buildpack
   2018-03-28T13:39:54.55-0500 [STG/0] OUT Downloaded dotnet-core
   2018-03-28T13:39:54.55-0500 [STG/0] OUT Creating container
   2018-03-28T13:39:57.02-0500 [STG/0] OUT Successfully created container
   2018-03-28T13:39:57.02-0500 [STG/0] OUT Downloading app package...
   2018-03-28T13:39:57.37-0500 [STG/0] OUT Downloaded app package (2.4M)
   2018-03-28T13:39:57.37-0500 [STG/0] OUT Staging...
   2018-03-28T13:40:00.04-0500 [STG/0] OUT -----> IBM SDK for Node.js Buildpack v3.19-20180314-1533
   2018-03-28T13:40:00.04-0500 [STG/0] OUT        Based on Cloud Foundry Node.js Buildpack v1.5.24
   2018-03-28T13:40:00.05-0500 [STG/0] OUT -----> Creating runtime environment
   2018-03-28T13:40:00.06-0500 [STG/0] OUT        
   2018-03-28T13:40:00.08-0500 [STG/0] OUT        NPM_CONFIG_LOGLEVEL=error
   2018-03-28T13:40:00.08-0500 [STG/0] OUT        NPM_CONFIG_PRODUCTION=false
   2018-03-28T13:40:00.10-0500 [STG/0] OUT        NODE_ENV=production
   2018-03-28T13:40:00.10-0500 [STG/0] OUT        NODE_MODULES_CACHE=true
   2018-03-28T13:40:00.12-0500 [STG/0] OUT -----> Installing binaries
   2018-03-28T13:40:00.17-0500 [STG/0] OUT        engines.node (package.json):  >= 6.9.x
   2018-03-28T13:40:00.17-0500 [STG/0] OUT        engines.npm (package.json):   > 3.10.x
   2018-03-28T13:40:00.17-0500 [STG/0] OUT        
   2018-03-28T13:40:00.18-0500 [STG/0] OUT        Resolving node version >= 6.9.x via 'node-version-resolver'
   2018-03-28T13:40:00.89-0500 [STG/0] OUT        Installing IBM SDK for Node.js (6.13.0) from cache
   2018-03-28T13:40:05.05-0500 [STG/0] OUT        Resolving npm version > 3.10.x via semver.io...
   2018-03-28T13:40:07.28-0500 [STG/0] OUT        Downloading and installing npm 5.8.0 (replacing version 3.10.10)...
   2018-03-28T13:41:43.60-0500 [STG/0] OUT -----> Restoring cache
   2018-03-28T13:41:44.72-0500 [STG/0] OUT        Skipping cache restore (new runtime signature)
   2018-03-28T13:41:44.72-0500 [STG/0] OUT -----> Checking and configuring service extensions before installing dependencies
   2018-03-28T13:41:45.35-0500 [STG/0] OUT -----> Building dependencies
   2018-03-28T13:41:45.36-0500 [STG/0] OUT        Prebuild detected (node_modules already exists)
   2018-03-28T13:41:45.36-0500 [STG/0] OUT        Rebuilding any native modules
   2018-03-28T13:41:46.57-0500 [STG/0] OUT        Installing any new modules (package.json)
   2018-03-28T13:42:36.13-0500 [STG/0] OUT        
   2018-03-28T13:42:36.13-0500 [STG/0] OUT        > execSync@1.0.2 install /tmp/app/node_modules/execSync
   2018-03-28T13:42:36.13-0500 [STG/0] OUT        > node install.js
   2018-03-28T13:42:36.13-0500 [STG/0] OUT        
   2018-03-28T13:42:36.38-0500 [STG/0] OUT        [execsync v1.0.2] Attempting to compile native extensions.
   2018-03-28T13:42:41.98-0500 [STG/0] OUT        [execSync v1.0.2]
   2018-03-28T13:42:41.98-0500 [STG/0] OUT        Native code compile failed!!
   2018-03-28T13:42:42.04-0500 [STG/0] OUT        
   2018-03-28T13:42:42.04-0500 [STG/0] OUT        > websocket@1.0.25 install /tmp/app/node_modules/websocket
   2018-03-28T13:42:42.04-0500 [STG/0] OUT        > (node-gyp rebuild 2> builderror.log) || (exit 0)
   2018-03-28T13:42:42.04-0500 [STG/0] OUT        
   2018-03-28T13:42:44.51-0500 [STG/0] OUT        make: Entering directory `/tmp/app/node_modules/websocket/build'
   2018-03-28T13:42:44.51-0500 [STG/0] OUT        CXX(target) Release/obj.target/bufferutil/src/bufferutil.o
   2018-03-28T13:42:47.05-0500 [STG/0] OUT        SOLINK_MODULE(target) Release/obj.target/bufferutil.node
   2018-03-28T13:42:47.35-0500 [STG/0] OUT        COPY Release/bufferutil.node
   2018-03-28T13:42:47.37-0500 [STG/0] OUT        CXX(target) Release/obj.target/validation/src/validation.o
   2018-03-28T13:42:49.96-0500 [STG/0] OUT        SOLINK_MODULE(target) Release/obj.target/validation.node
   2018-03-28T13:42:50.06-0500 [STG/0] OUT        COPY Release/validation.node
   2018-03-28T13:42:50.10-0500 [STG/0] OUT        make: Leaving directory `/tmp/app/node_modules/websocket/build'
   2018-03-28T13:42:50.10-0500 [STG/0] OUT        
   2018-03-28T13:42:50.10-0500 [STG/0] OUT        > phantomjs-prebuilt@2.1.16 install /tmp/app/node_modules/phantomjs-prebuilt
   2018-03-28T13:42:50.10-0500 [STG/0] OUT        > node install.js
   2018-03-28T13:42:50.10-0500 [STG/0] OUT        
   2018-03-28T13:42:51.02-0500 [STG/0] OUT        PhantomJS not found on PATH
   2018-03-28T13:42:51.03-0500 [STG/0] OUT        Downloading https://github.com/Medium/phantomjs/releases/download/v2.1.1/phantomjs-2.1.1-linux-x86_64.tar.bz2
   2018-03-28T13:42:51.03-0500 [STG/0] OUT        Saving to /tmp/phantomjs/phantomjs-2.1.1-linux-x86_64.tar.bz2
   2018-03-28T13:42:51.06-0500 [STG/0] OUT        Receiving...
   2018-03-28T13:42:59.68-0500 [STG/0] OUT        
   2018-03-28T13:42:59.71-0500 [STG/0] OUT        Received 22866K total.
   2018-03-28T13:42:59.72-0500 [STG/0] OUT        Extracting tar contents (via spawned process)
   2018-03-28T13:43:07.41-0500 [STG/0] OUT        Removing /tmp/app/node_modules/phantomjs-prebuilt/lib/phantom
   2018-03-28T13:43:07.42-0500 [STG/0] OUT        Copying extracted folder /tmp/phantomjs/phantomjs-2.1.1-linux-x86_64.tar.bz2-extract-1522262579720/phantomjs-2.1.1-linux-x86_64 -> /tmp/app/node_modules/phantomjs-prebuilt/lib/phantom
   2018-03-28T13:43:08.96-0500 [STG/0] OUT        Writing location.js file
   2018-03-28T13:43:08.96-0500 [STG/0] OUT        Done. Phantomjs binary available at /tmp/app/node_modules/phantomjs-prebuilt/lib/phantom/bin/phantomjs
   2018-03-28T13:43:12.13-0500 [STG/0] OUT        added 630 packages from 1096 contributors in 83.332s
   2018-03-28T13:43:12.28-0500 [STG/0] OUT -----> Checking and configuring service extensions after installing dependencies
   2018-03-28T13:43:13.13-0500 [STG/0] OUT -----> Installing App Management
   2018-03-28T13:43:27.98-0500 [STG/0] OUT -----> Caching build
   2018-03-28T13:43:28.00-0500 [STG/0] OUT        Clearing previous node cache
   2018-03-28T13:43:28.02-0500 [STG/0] OUT        Saving 2 cacheDirectories (default):
   2018-03-28T13:43:28.02-0500 [STG/0] OUT        - node_modules
   2018-03-28T13:43:47.98-0500 [STG/0] OUT        - bower_components (nothing to cache)
   2018-03-28T13:43:49.45-0500 [STG/0] OUT -----> Build succeeded!
   2018-03-28T13:44:01.87-0500 [STG/0] OUT        â”œâ”€â”€ async@2.6.0
   2018-03-28T13:44:01.88-0500 [STG/0] OUT        â”œâ”€â”€ babel-eslint@6.1.2
   2018-03-28T13:44:01.88-0500 [STG/0] OUT        â”œâ”€â”€ body-parser@1.18.2
   2018-03-28T13:44:01.88-0500 [STG/0] OUT        â”œâ”€â”€ casperjs@1.1.4
   2018-03-28T13:44:01.88-0500 [STG/0] OUT        â”œâ”€â”€ codecov@1.0.1
   2018-03-28T13:44:01.88-0500 [STG/0] OUT        â”œâ”€â”€ dotenv@2.0.0
   2018-03-28T13:44:01.88-0500 [STG/0] OUT        â”œâ”€â”€ eslint@2.13.1
   2018-03-28T13:44:01.88-0500 [STG/0] OUT        â”œâ”€â”€ express@4.16.2
   2018-03-28T13:44:01.88-0500 [STG/0] OUT        â”œâ”€â”€ ibm-maximo-api@1.0.15
   2018-03-28T13:44:01.88-0500 [STG/0] OUT        â”œâ”€â”€ istanbul@0.4.5
   2018-03-28T13:44:01.90-0500 [STG/0] OUT        â”œâ”€â”€ mocha@2.5.3
   2018-03-28T13:44:01.90-0500 [STG/0] OUT        â”œâ”€â”€ node-datetime@2.0.6
   2018-03-28T13:44:01.90-0500 [STG/0] OUT        â”œâ”€â”€ phantomjs-prebuilt@2.1.16
   2018-03-28T13:44:01.90-0500 [STG/0] OUT        â”œâ”€â”€ python@0.0.4
   2018-03-28T13:44:01.90-0500 [STG/0] OUT        â”œâ”€â”€ supertest@1.2.0
   2018-03-28T13:44:01.90-0500 [STG/0] OUT        â””â”€â”€ watson-developer-cloud@2.42.0
   2018-03-28T13:44:01.90-0500 [STG/0] OUT        
   2018-03-28T13:45:01.62-0500 [STG/0] OUT Exit status 0
   2018-03-28T13:45:01.62-0500 [STG/0] OUT Staging complete
   2018-03-28T13:45:01.62-0500 [STG/0] OUT Uploading droplet, build artifacts cache...
   2018-03-28T13:45:01.62-0500 [STG/0] OUT Uploading build artifacts cache...
   2018-03-28T13:45:01.62-0500 [STG/0] OUT Uploading droplet...
   2018-03-28T13:45:03.29-0500 [STG/0] OUT Uploaded build artifacts cache (39.8M)
   2018-03-28T13:45:03.46-0500 [API/1] OUT Creating droplet for app with guid 1886d7a9-9ee1-431d-99ab-4abb45a60062
   2018-03-28T13:45:09.52-0500 [STG/0] OUT Uploaded droplet (64.9M)
   2018-03-28T13:45:09.53-0500 [STG/0] OUT Uploading complete
   2018-03-28T13:45:09.76-0500 [STG/0] OUT Stopping instance 42413b65-0930-41ab-8ddf-c282593e998c
   2018-03-28T13:45:09.76-0500 [STG/0] OUT Destroying container
   2018-03-28T13:45:12.68-0500 [STG/0] OUT Successfully destroyed container
   2018-03-28T13:45:13.06-0500 [CELL/0] OUT Creating container
   2018-03-28T13:45:14.29-0500 [CELL/0] OUT Successfully created container
   2018-03-28T13:45:23.17-0500 [CELL/0] OUT Starting health monitoring of container
   2018-03-28T13:45:23.87-0500 [APP/PROC/WEB/0] OUT > vaticketbot@0.1.1 start /home/vcap/app
   2018-03-28T13:45:23.88-0500 [APP/PROC/WEB/0] OUT > node server.js
   [31m2018-03-28T13:45:23.99-0500 [APP/PROC/WEB/0] ERR /home/vcap/app/app.js:353[0m
   [31m2018-03-28T13:45:23.99-0500 [APP/PROC/WEB/0] ERR async function callDiscovery_no(query_str, req, res) {[0m
   [31m2018-03-28T13:45:23.99-0500 [APP/PROC/WEB/0] ERR       ^^^^^^^^[0m
   [31m2018-03-28T13:45:23.99-0500 [APP/PROC/WEB/0] ERR SyntaxError: Unexpected token function[0m
   [31m2018-03-28T13:45:23.99-0500 [APP/PROC/WEB/0] ERR     at createScript (vm.js:56:10)[0m
   [31m2018-03-28T13:45:23.99-0500 [APP/PROC/WEB/0] ERR     at Object.runInThisContext (vm.js:97:10)[0m
   [31m2018-03-28T13:45:23.99-0500 [APP/PROC/WEB/0] ERR     at Module._compile (module.js:549:28)[0m
   [31m2018-03-28T13:45:23.99-0500 [APP/PROC/WEB/0] ERR     at Object.Module._extensions..js (module.js:586:10)[0m
   [31m2018-03-28T13:45:23.99-0500 [APP/PROC/WEB/0] ERR     at Module.load (module.js:494:32)[0m
   [31m2018-03-28T13:45:23.99-0500 [APP/PROC/WEB/0] ERR     at tryModuleLoad (module.js:453:12)[0m
   [31m2018-03-28T13:45:23.99-0500 [APP/PROC/WEB/0] ERR     at Function.Module._load (module.js:445:3)[0m
   [31m2018-03-28T13:45:23.99-0500 [APP/PROC/WEB/0] ERR     at Module.require (module.js:504:17)[0m
   [31m2018-03-28T13:45:23.99-0500 [APP/PROC/WEB/0] ERR     at require (internal/module.js:20:19)[0m
   [31m2018-03-28T13:45:23.99-0500 [APP/PROC/WEB/0] ERR     at Object.<anonymous> (/home/vcap/app/server.js:22:14)[0m
   [31m2018-03-28T13:45:23.99-0500 [APP/PROC/WEB/0] ERR npm ERR! code ELIFECYCLE[0m
   [31m2018-03-28T13:45:24.00-0500 [APP/PROC/WEB/0] ERR npm ERR! errno 1[0m
   [31m2018-03-28T13:45:24.00-0500 [APP/PROC/WEB/0] ERR npm ERR! vaticketbot@0.1.1 start: `node server.js`[0m
   [31m2018-03-28T13:45:24.00-0500 [APP/PROC/WEB/0] ERR npm ERR! Exit status 1[0m
   [31m2018-03-28T13:45:24.00-0500 [APP/PROC/WEB/0] ERR npm ERR! [0m
   [31m2018-03-28T13:45:24.00-0500 [APP/PROC/WEB/0] ERR npm ERR! Failed at the vaticketbot@0.1.1 start script.[0m
   [31m2018-03-28T13:45:24.00-0500 [APP/PROC/WEB/0] ERR npm ERR! This is probably not a problem with npm. There is likely additional logging output above.[0m
   [31m2018-03-28T13:45:24.01-0500 [APP/PROC/WEB/0] ERR npm ERR! A complete log of this run can be found in:[0m
   [31m2018-03-28T13:45:24.01-0500 [APP/PROC/WEB/0] ERR npm ERR!     /home/vcap/app/.npm/_logs/2018-03-28T18_45_24_007Z-debug.log[0m
   2018-03-28T13:45:24.03-0500 [APP/PROC/WEB/0] OUT Exit status 1
   2018-03-28T13:45:24.03-0500 [CELL/0] OUT Exit status 0
   2018-03-28T13:45:24.09-0500 [CELL/0] OUT Stopping instance 56a7459d-795d-4f83-642a-aae2
   2018-03-28T13:45:24.09-0500 [CELL/0] OUT Destroying container
   2018-03-28T13:45:24.54-0500 [API/4] OUT Process has crashed with type: "web"
   2018-03-28T13:45:24.68-0500 [API/4] OUT App instance exited with guid 1886d7a9-9ee1-431d-99ab-4abb45a60062 payload: {"instance"=>"56a7459d-795d-4f83-642a-aae2", "index"=>0, "reason"=>"CRASHED", "exit_description"=>"APP/PROC/WEB: Exited with status 1", "crash_count"=>1, "crash_timestamp"=>1522262724034766439, "version"=>"b06bdc34-6cc1-4b3c-89fd-e3a5ce8b6e7e"}
   2018-03-28T13:45:24.86-0500 [CELL/0] OUT Creating container
   2018-03-28T13:45:25.85-0500 [CELL/0] OUT Successfully destroyed container
   2018-03-28T13:45:26.66-0500 [CELL/0] OUT Successfully created container
   2018-03-28T13:45:36.46-0500 [CELL/0] OUT Starting health monitoring of container
   2018-03-28T13:45:38.10-0500 [APP/PROC/WEB/0] OUT > vaticketbot@0.1.1 start /home/vcap/app
   2018-03-28T13:45:38.10-0500 [APP/PROC/WEB/0] OUT > node server.js
   [31m2018-03-28T13:45:38.30-0500 [APP/PROC/WEB/0] ERR /home/vcap/app/app.js:353[0m
   [31m2018-03-28T13:45:38.30-0500 [APP/PROC/WEB/0] ERR async function callDiscovery_no(query_str, req, res) {[0m
   [31m2018-03-28T13:45:38.30-0500 [APP/PROC/WEB/0] ERR       ^^^^^^^^[0m
   [31m2018-03-28T13:45:38.30-0500 [APP/PROC/WEB/0] ERR SyntaxError: Unexpected token function[0m
   [31m2018-03-28T13:45:38.30-0500 [APP/PROC/WEB/0] ERR     at createScript (vm.js:56:10)[0m
   [31m2018-03-28T13:45:38.30-0500 [APP/PROC/WEB/0] ERR     at Object.runInThisContext (vm.js:97:10)[0m
   [31m2018-03-28T13:45:38.30-0500 [APP/PROC/WEB/0] ERR     at Module._compile (module.js:549:28)[0m
   [31m2018-03-28T13:45:38.30-0500 [APP/PROC/WEB/0] ERR     at Object.Module._extensions..js (module.js:586:10)[0m
   [31m2018-03-28T13:45:38.30-0500 [APP/PROC/WEB/0] ERR     at Module.load (module.js:494:32)[0m
   [31m2018-03-28T13:45:38.30-0500 [APP/PROC/WEB/0] ERR     at tryModuleLoad (module.js:453:12)[0m
   [31m2018-03-28T13:45:38.30-0500 [APP/PROC/WEB/0] ERR     at Function.Module._load (module.js:445:3)[0m
   [31m2018-03-28T13:45:38.30-0500 [APP/PROC/WEB/0] ERR     at Module.require (module.js:504:17)[0m
   [31m2018-03-28T13:45:38.30-0500 [APP/PROC/WEB/0] ERR     at require (internal/module.js:20:19)[0m
   [31m2018-03-28T13:45:38.30-0500 [APP/PROC/WEB/0] ERR     at Object.<anonymous> (/home/vcap/app/server.js:22:14)[0m
   [31m2018-03-28T13:45:38.32-0500 [APP/PROC/WEB/0] ERR npm ERR! code ELIFECYCLE[0m
   [31m2018-03-28T13:45:38.33-0500 [APP/PROC/WEB/0] ERR npm ERR! errno 1[0m
   [31m2018-03-28T13:45:38.33-0500 [APP/PROC/WEB/0] ERR npm ERR! vaticketbot@0.1.1 start: `node server.js`[0m
   [31m2018-03-28T13:45:38.33-0500 [APP/PROC/WEB/0] ERR npm ERR! Exit status 1[0m
   [31m2018-03-28T13:45:38.33-0500 [APP/PROC/WEB/0] ERR npm ERR! [0m
   [31m2018-03-28T13:45:38.33-0500 [APP/PROC/WEB/0] ERR npm ERR! Failed at the vaticketbot@0.1.1 start script.[0m
   [31m2018-03-28T13:45:38.33-0500 [APP/PROC/WEB/0] ERR npm ERR! This is probably not a problem with npm. There is likely additional logging output above.[0m
   [31m2018-03-28T13:45:38.34-0500 [APP/PROC/WEB/0] ERR npm ERR! A complete log of this run can be found in:[0m
   [31m2018-03-28T13:45:38.34-0500 [APP/PROC/WEB/0] ERR npm ERR!     /home/vcap/app/.npm/_logs/2018-03-28T18_45_38_335Z-debug.log[0m
   2018-03-28T13:45:38.39-0500 [APP/PROC/WEB/0] OUT Exit status 1
   2018-03-28T13:45:38.40-0500 [CELL/0] OUT Exit status 0
   2018-03-28T13:45:38.48-0500 [CELL/0] OUT Stopping instance 3b90ba3b-d463-44db-5cec-2130
   2018-03-28T13:45:38.48-0500 [CELL/0] OUT Destroying container
   2018-03-28T13:45:39.10-0500 [CELL/0] OUT Creating container
   2018-03-28T13:45:39.74-0500 [API/3] OUT Process has crashed with type: "web"
   2018-03-28T13:45:39.86-0500 [API/3] OUT App instance exited with guid 1886d7a9-9ee1-431d-99ab-4abb45a60062 payload: {"instance"=>"3b90ba3b-d463-44db-5cec-2130", "index"=>0, "reason"=>"CRASHED", "exit_description"=>"APP/PROC/WEB: Exited with status 1", "crash_count"=>2, "crash_timestamp"=>1522262738404305822, "version"=>"b06bdc34-6cc1-4b3c-89fd-e3a5ce8b6e7e"}
   2018-03-28T13:45:40.15-0500 [CELL/0] OUT Successfully created container
   2018-03-28T13:45:40.46-0500 [CELL/0] OUT Successfully destroyed container
   2018-03-28T13:45:55.67-0500 [CELL/0] OUT Starting health monitoring of container
   2018-03-28T13:45:56.86-0500 [APP/PROC/WEB/0] OUT > vaticketbot@0.1.1 start /home/vcap/app
   2018-03-28T13:45:56.86-0500 [APP/PROC/WEB/0] OUT > node server.js
   [31m2018-03-28T13:45:57.04-0500 [APP/PROC/WEB/0] ERR /home/vcap/app/app.js:353[0m
   [31m2018-03-28T13:45:57.04-0500 [APP/PROC/WEB/0] ERR async function callDiscovery_no(query_str, req, res) {[0m
   [31m2018-03-28T13:45:57.04-0500 [APP/PROC/WEB/0] ERR       ^^^^^^^^[0m
   [31m2018-03-28T13:45:57.04-0500 [APP/PROC/WEB/0] ERR SyntaxError: Unexpected token function[0m
   [31m2018-03-28T13:45:57.04-0500 [APP/PROC/WEB/0] ERR     at createScript (vm.js:56:10)[0m
   [31m2018-03-28T13:45:57.04-0500 [APP/PROC/WEB/0] ERR     at Object.runInThisContext (vm.js:97:10)[0m
   [31m2018-03-28T13:45:57.04-0500 [APP/PROC/WEB/0] ERR     at Module._compile (module.js:549:28)[0m
   [31m2018-03-28T13:45:57.04-0500 [APP/PROC/WEB/0] ERR     at Object.Module._extensions..js (module.js:586:10)[0m
   [31m2018-03-28T13:45:57.04-0500 [APP/PROC/WEB/0] ERR     at Module.load (module.js:494:32)[0m
   [31m2018-03-28T13:45:57.04-0500 [APP/PROC/WEB/0] ERR     at tryModuleLoad (module.js:453:12)[0m
   [31m2018-03-28T13:45:57.04-0500 [APP/PROC/WEB/0] ERR     at Function.Module._load (module.js:445:3)[0m
   [31m2018-03-28T13:45:57.04-0500 [APP/PROC/WEB/0] ERR     at Module.require (module.js:504:17)[0m
   [31m2018-03-28T13:45:57.04-0500 [APP/PROC/WEB/0] ERR     at require (internal/module.js:20:19)[0m
   [31m2018-03-28T13:45:57.04-0500 [APP/PROC/WEB/0] ERR     at Object.<anonymous> (/home/vcap/app/server.js:22:14)[0m
   [31m2018-03-28T13:45:57.07-0500 [APP/PROC/WEB/0] ERR npm ERR! code ELIFECYCLE[0m
   [31m2018-03-28T13:45:57.07-0500 [APP/PROC/WEB/0] ERR npm ERR! errno 1[0m
   [31m2018-03-28T13:45:57.09-0500 [APP/PROC/WEB/0] ERR npm ERR! vaticketbot@0.1.1 start: `node server.js`[0m
   [31m2018-03-28T13:45:57.09-0500 [APP/PROC/WEB/0] ERR npm ERR! Exit status 1[0m
   [31m2018-03-28T13:45:57.09-0500 [APP/PROC/WEB/0] ERR npm ERR! [0m
   [31m2018-03-28T13:45:57.09-0500 [APP/PROC/WEB/0] ERR npm ERR! Failed at the vaticketbot@0.1.1 start script.[0m
   [31m2018-03-28T13:45:57.09-0500 [APP/PROC/WEB/0] ERR npm ERR! This is probably not a problem with npm. There is likely additional logging output above.[0m
   [31m2018-03-28T13:45:57.10-0500 [APP/PROC/WEB/0] ERR npm ERR! A complete log of this run can be found in:[0m
   [31m2018-03-28T13:45:57.10-0500 [APP/PROC/WEB/0] ERR npm ERR!     /home/vcap/app/.npm/_logs/2018-03-28T18_45_57_095Z-debug.log[0m
   2018-03-28T13:45:57.13-0500 [APP/PROC/WEB/0] OUT Exit status 1
   2018-03-28T13:45:57.14-0500 [CELL/0] OUT Exit status 0
   2018-03-28T13:45:57.15-0500 [CELL/0] OUT Stopping instance 63cf788a-b854-4edb-4fcd-461a
   2018-03-28T13:45:57.15-0500 [CELL/0] OUT Destroying container
   2018-03-28T13:45:57.18-0500 [API/0] OUT Process has crashed with type: "web"
   2018-03-28T13:45:57.28-0500 [API/0] OUT App instance exited with guid 1886d7a9-9ee1-431d-99ab-4abb45a60062 payload: {"instance"=>"63cf788a-b854-4edb-4fcd-461a", "index"=>0, "reason"=>"CRASHED", "exit_description"=>"APP/PROC/WEB: Exited with status 1", "crash_count"=>3, "crash_timestamp"=>1522262757138933849, "version"=>"b06bdc34-6cc1-4b3c-89fd-e3a5ce8b6e7e"}
   2018-03-28T13:45:59.74-0500 [CELL/0] OUT Successfully destroyed container
